[debug] [2022-12-03T19:51:53.202Z] ----------------------------------------------------------------------
[debug] [2022-12-03T19:51:53.203Z] Command:       C:\Program Files\nodejs\node.exe C:\Users\Lenovo\AppData\Roaming\npm\node_modules\firebase-tools\lib\bin\firebase.js init
[debug] [2022-12-03T19:51:53.203Z] CLI Version:   11.16.1
[debug] [2022-12-03T19:51:53.203Z] Platform:      win32
[debug] [2022-12-03T19:51:53.203Z] Node Version:  v16.18.0
[debug] [2022-12-03T19:51:53.205Z] Time:          Sun Dec 04 2022 01:21:53 GMT+0530 (India Standard Time)
[debug] [2022-12-03T19:51:53.205Z] ----------------------------------------------------------------------
[debug] 
[debug] [2022-12-03T19:51:53.211Z] > command requires scopes: ["email","openid","https://www.googleapis.com/auth/cloudplatformprojects.readonly","https://www.googleapis.com/auth/firebase","https://www.googleapis.com/auth/cloud-platform"]
[debug] [2022-12-03T19:51:53.211Z] > authorizing via signed-in user (20wh1a0418@bvrithyderabad.edu.in)
[info] 
     ######## #### ########  ######## ########     ###     ######  ########
     ##        ##  ##     ## ##       ##     ##  ##   ##  ##       ##
     ######    ##  ########  ######   ########  #########  ######  ######
     ##        ##  ##    ##  ##       ##     ## ##     ##       ## ##
     ##       #### ##     ## ######## ########  ##     ##  ######  ########

You're about to initialize a Firebase project in this directory:

  C:\Users\Lenovo\Desktop\FULL STACK\restaraunt

[info] 
=== Project Setup
[info] 
[info] First, let's associate this project directory with a Firebase project.
[info] You can create multiple project aliases by running firebase use --add, 
[info] but for now we'll just set up a default project.
[info] 
[debug] [2022-12-03T19:53:43.311Z] >>> [apiv2][query] GET https://firebase.googleapis.com/v1beta1/projects pageSize=100
[debug] [2022-12-03T19:53:44.708Z] <<< [apiv2][status] GET https://firebase.googleapis.com/v1beta1/projects 200
[debug] [2022-12-03T19:53:44.708Z] <<< [apiv2][body] GET https://firebase.googleapis.com/v1beta1/projects [omitted]
[info] i  Using project three-friend-restaraunt (three friend restaraunt) 
[info] 
=== Hosting Setup
[info] 
[info] Your public directory is the folder (relative to your project directory) that
[info] will contain Hosting assets to be uploaded with firebase deploy. If you
[info] have a build process for your assets, use your build's output directory.
[info] 
[info] +  Wrote public/404.html 
[debug] [2022-12-03T19:55:51.924Z] >>> [apiv2][query] GET https://www.gstatic.com/firebasejs/releases.json [none]
[debug] [2022-12-03T19:55:52.100Z] <<< [apiv2][status] GET https://www.gstatic.com/firebasejs/releases.json 200
[debug] [2022-12-03T19:55:52.100Z] <<< [apiv2][body] GET https://www.gstatic.com/firebasejs/releases.json {"current":{"version":"9.14.0","browserURL":"https://www.gstatic.com/firebasejs/9.14.0/firebase.js","packageURL":"https://www.gstatic.com/firebasejs/9.14.0/firebase.tgz"},"live":{"version":"9.14","browserURL":"https://www.gstatic.com/firebasejs/live/9.14/firebase.js","packageURL":"https://www.gstatic.com/firebasejs/live/9.14/firebase.tgz"},"components":{"analytics":"https://www.gstatic.com/firebasejs/9.14.0/firebase-analytics.js","app":"https://www.gstatic.com/firebasejs/9.14.0/firebase-app.js","app-check":"https://www.gstatic.com/firebasejs/9.14.0/firebase-app-check.js","auth":"https://www.gstatic.com/firebasejs/9.14.0/firebase-auth.js","auth/cordova":"https://www.gstatic.com/firebasejs/9.14.0/firebase-auth/cordova.js","auth/react-native":"https://www.gstatic.com/firebasejs/9.14.0/firebase-auth/react-native.js","functions":"https://www.gstatic.com/firebasejs/9.14.0/firebase-functions.js","firestore":"https://www.gstatic.com/firebasejs/9.14.0/firebase-firestore.js","firestore/lite":"https://www.gstatic.com/firebasejs/9.14.0/firebase-firestore/lite.js","installations":"https://www.gstatic.com/firebasejs/9.14.0/firebase-installations.js","storage":"https://www.gstatic.com/firebasejs/9.14.0/firebase-storage.js","performance":"https://www.gstatic.com/firebasejs/9.14.0/firebase-performance.js","remote-config":"https://www.gstatic.com/firebasejs/9.14.0/firebase-remote-config.js","messaging":"https://www.gstatic.com/firebasejs/9.14.0/firebase-messaging.js","messaging/sw":"https://www.gstatic.com/firebasejs/9.14.0/firebase-messaging/sw.js","database":"https://www.gstatic.com/firebasejs/9.14.0/firebase-database.js","firestore.memory":"https://www.gstatic.com/firebasejs/9.14.0/firebase-firestore.memory.js"}}
[info] +  Wrote public/index.html 
[info] 
[info] i  Detected a .git folder at C:\Users\Lenovo\Desktop 
[info] i  Authorizing with GitHub to upload your service account to a GitHub repository's secrets store. 
[info] 
[info] Visit this URL on this device to log in:
[info] https://github.com/login/oauth/authorize?client_id=89cf50f02ac6aaed3484&state=653843294&redirect_uri=http%3A%2F%2Flocalhost%3A9005&scope=read%3Auser%20repo%20public_repo
[info] 
[info] Waiting for authentication...
